<?xml version="1.0" encoding="UTF-8"?>
<!-- Generated by org.testng.reporters.JUnitReportReporter -->
<testsuite hostname="SRIDEVI-NARVA" failures="0" tests="8" name="testRunners.TestRunner" time="38.518" errors="0" timestamp="2025-01-31T21:02:51 EST" skipped="0">
  <testcase classname="testRunners.TestRunner" name="runScenario" time="4.401"/>
  <testcase classname="testRunners.TestRunner" name="runScenario" time="6.417"/>
  <testcase classname="testRunners.TestRunner" name="runScenario" time="5.088"/>
  <testcase classname="testRunners.TestRunner" name="runScenario" time="4.870"/>
  <testcase classname="testRunners.TestRunner" name="runScenario" time="4.764"/>
  <testcase classname="testRunners.TestRunner" name="runScenario" time="6.052"/>
  <testcase classname="testRunners.TestRunner" name="runScenario" time="4.946"/>
  <testcase classname="testRunners.TestRunner" name="runScenario" time="1.980"/>
</testsuite> <!-- testRunners.TestRunner -->
