<?xml version="1.0" encoding="UTF-8"?>
<!-- Generated by org.testng.reporters.JUnitReportReporter -->
<testsuite hostname="Sajith" failures="0" tests="61" name="testRunners.TestRunner" time="85.294" errors="0" timestamp="2025-02-03T19:35:59 CST" skipped="0">
  <testcase classname="testRunners.TestRunner" name="runScenario" time="0.345"/>
  <testcase classname="testRunners.TestRunner" name="runScenario" time="2.192"/>
  <testcase classname="testRunners.TestRunner" name="runScenario" time="4.764"/>
  <testcase classname="testRunners.TestRunner" name="runScenario" time="1.235"/>
  <testcase classname="testRunners.TestRunner" name="runScenario" time="1.423"/>
  <testcase classname="testRunners.TestRunner" name="runScenario" time="0.304"/>
  <testcase classname="testRunners.TestRunner" name="runScenario" time="0.325"/>
  <testcase classname="testRunners.TestRunner" name="runScenario" time="0.311"/>
  <testcase classname="testRunners.TestRunner" name="runScenario" time="1.262"/>
  <testcase classname="testRunners.TestRunner" name="runScenario" time="1.180"/>
  <testcase classname="testRunners.TestRunner" name="runScenario" time="0.334"/>
  <testcase classname="testRunners.TestRunner" name="runScenario" time="2.900"/>
  <testcase classname="testRunners.TestRunner" name="runScenario" time="1.834"/>
  <testcase classname="testRunners.TestRunner" name="runScenario" time="0.602"/>
  <testcase classname="testRunners.TestRunner" name="runScenario" time="1.745"/>
  <testcase classname="testRunners.TestRunner" name="runScenario" time="2.772"/>
  <testcase classname="testRunners.TestRunner" name="runScenario" time="0.267"/>
  <testcase classname="testRunners.TestRunner" name="runScenario" time="2.361"/>
  <testcase classname="testRunners.TestRunner" name="runScenario" time="1.305"/>
  <testcase classname="testRunners.TestRunner" name="runScenario" time="1.395"/>
  <testcase classname="testRunners.TestRunner" name="runScenario" time="0.120"/>
  <testcase classname="testRunners.TestRunner" name="runScenario" time="0.985"/>
  <testcase classname="testRunners.TestRunner" name="runScenario" time="2.619"/>
  <testcase classname="testRunners.TestRunner" name="runScenario" time="2.455"/>
  <testcase classname="testRunners.TestRunner" name="runScenario" time="1.226"/>
  <testcase classname="testRunners.TestRunner" name="runScenario" time="0.280"/>
  <testcase classname="testRunners.TestRunner" name="runScenario" time="3.238"/>
  <testcase classname="testRunners.TestRunner" name="runScenario" time="0.297"/>
  <testcase classname="testRunners.TestRunner" name="runScenario" time="2.300"/>
  <testcase classname="testRunners.TestRunner" name="runScenario" time="0.296"/>
  <testcase classname="testRunners.TestRunner" name="runScenario" time="1.082"/>
  <testcase classname="testRunners.TestRunner" name="runScenario" time="0.280"/>
  <testcase classname="testRunners.TestRunner" name="runScenario" time="1.638"/>
  <testcase classname="testRunners.TestRunner" name="runScenario" time="2.342"/>
  <testcase classname="testRunners.TestRunner" name="runScenario" time="1.362"/>
  <testcase classname="testRunners.TestRunner" name="runScenario" time="1.069"/>
  <testcase classname="testRunners.TestRunner" name="runScenario" time="3.313"/>
  <testcase classname="testRunners.TestRunner" name="runScenario" time="0.269"/>
  <testcase classname="testRunners.TestRunner" name="runScenario" time="1.332"/>
  <testcase classname="testRunners.TestRunner" name="runScenario" time="2.978"/>
  <testcase classname="testRunners.TestRunner" name="runScenario" time="0.937"/>
  <testcase classname="testRunners.TestRunner" name="runScenario" time="0.253"/>
  <testcase classname="testRunners.TestRunner" name="runScenario" time="0.352"/>
  <testcase classname="testRunners.TestRunner" name="runScenario" time="1.630"/>
  <testcase classname="testRunners.TestRunner" name="runScenario" time="1.829"/>
  <testcase classname="testRunners.TestRunner" name="runScenario" time="1.100"/>
  <testcase classname="testRunners.TestRunner" name="runScenario" time="2.200"/>
  <testcase classname="testRunners.TestRunner" name="runScenario" time="1.287"/>
  <testcase classname="testRunners.TestRunner" name="runScenario" time="2.146"/>
  <testcase classname="testRunners.TestRunner" name="runScenario" time="0.263"/>
  <testcase classname="testRunners.TestRunner" name="runScenario" time="2.614"/>
  <testcase classname="testRunners.TestRunner" name="runScenario" time="0.697"/>
  <testcase classname="testRunners.TestRunner" name="runScenario" time="0.265"/>
  <testcase classname="testRunners.TestRunner" name="runScenario" time="1.562"/>
  <testcase classname="testRunners.TestRunner" name="runScenario" time="2.729"/>
  <testcase classname="testRunners.TestRunner" name="runScenario" time="0.283"/>
  <testcase classname="testRunners.TestRunner" name="runScenario" time="0.295"/>
  <testcase classname="testRunners.TestRunner" name="runScenario" time="1.396"/>
  <testcase classname="testRunners.TestRunner" name="runScenario" time="1.829"/>
  <testcase classname="testRunners.TestRunner" name="runScenario" time="2.398"/>
  <testcase classname="testRunners.TestRunner" name="runScenario" time="0.892"/>
</testsuite> <!-- testRunners.TestRunner -->
